<?xml version="1.0" encoding="UTF-8"?>
<!-- Generated by org.testng.reporters.JUnitReportReporter -->
<testsuite hostname="D-INE-FWP99R2" failures="0" tests="1" name="com.app.AutomationSec.TestNGDemo_Sec" time="13.626" errors="0" timestamp="26 Apr 2024 06:22:35 GMT" skipped="0">
  <testcase classname="com.app.AutomationSec.TestNGDemo_Sec" name="login" time="13.626"/>
</testsuite> <!-- com.app.AutomationSec.TestNGDemo_Sec -->
