<?xml version="1.0" encoding="UTF-8"?>
<!-- Generated by org.testng.reporters.JUnitReportReporter -->
<testsuite hostname="D-INE-FWP99R2" failures="0" tests="2" name="com.app.AutomationSec.Login" time="0.009" errors="0" timestamp="25 Apr 2024 08:27:41 GMT" skipped="0">
  <testcase classname="com.app.AutomationSec.Login" name="loginTest" time="0.006"/>
  <testcase classname="com.app.AutomationSec.Login" name="logoutTest" time="0.003"/>
</testsuite> <!-- com.app.AutomationSec.Login -->
